[debug] [2020-10-12T16:44:10.895Z] ----------------------------------------------------------------------
[debug] [2020-10-12T16:44:10.896Z] Command:       C:\Program Files\nodejs\node.exe C:\Users\chris\AppData\Roaming\npm\node_modules\firebase-tools\lib\bin\firebase.js emulators:start
[debug] [2020-10-12T16:44:10.897Z] CLI Version:   8.12.1
[debug] [2020-10-12T16:44:10.897Z] Platform:      win32
[debug] [2020-10-12T16:44:10.897Z] Node Version:  v12.16.2
[debug] [2020-10-12T16:44:10.897Z] Time:          Mon Oct 12 2020 09:44:10 GMT-0700 (Pacific Daylight Time)
[debug] [2020-10-12T16:44:10.898Z] ----------------------------------------------------------------------
[debug] [2020-10-12T16:44:10.898Z] 
[debug] [2020-10-12T16:44:10.903Z] > command requires scopes: ["email","openid","https://www.googleapis.com/auth/cloudplatformprojects.readonly","https://www.googleapis.com/auth/firebase","https://www.googleapis.com/auth/cloud-platform"]
[debug] [2020-10-12T16:44:10.904Z] > authorizing via signed-in user
[info] i  emulators: Starting emulators: functions, hosting {"metadata":{"emulator":{"name":"hub"},"message":"Starting emulators: functions, hosting"}}
[debug] [2020-10-12T16:44:12.920Z] [hub] writing locator at C:\Users\chris\AppData\Local\Temp\hub-darnazon.json
[warn] !  functions: The following emulators are not running, calls to these services from the Functions emulator will affect production: auth, firestore, database, pubsub {"metadata":{"emulator":{"name":"functions"},"message":"The following emulators are not running, calls to these services from the Functions emulator will affect production: \u001b[1mauth, firestore, database, pubsub\u001b[22m"}}
[warn] !  Your requested "node" version "10" doesn't match your global version "12" {"metadata":{"emulator":{"name":"functions"},"message":"Your requested \"node\" version \"10\" doesn't match your global version \"12\""}}
[debug] [2020-10-12T16:44:14.941Z] defaultcredentials: writing to file C:\Users\chris\AppData\Roaming\firebase\christianlewis024_gmail_com_application_default_credentials.json
[debug] [2020-10-12T16:44:14.943Z] Setting GAC to C:\Users\chris\AppData\Roaming\firebase\christianlewis024_gmail_com_application_default_credentials.json {"metadata":{"emulator":{"name":"functions"},"message":"Setting GAC to C:\\Users\\chris\\AppData\\Roaming\\firebase\\christianlewis024_gmail_com_application_default_credentials.json"}}
[debug] [2020-10-12T16:44:16.950Z] > refreshing access token with scopes: ["email","https://www.googleapis.com/auth/cloud-platform","https://www.googleapis.com/auth/cloudplatformprojects.readonly","https://www.googleapis.com/auth/firebase","openid"]
[debug] [2020-10-12T16:44:16.950Z] >>> HTTP REQUEST POST https://www.googleapis.com/oauth2/v3/token  
 <request body omitted>
[debug] [2020-10-12T16:44:17.084Z] <<< HTTP RESPONSE 200 {"cache-control":"no-cache, no-store, max-age=0, must-revalidate","expires":"Mon, 01 Jan 1990 00:00:00 GMT","date":"Mon, 12 Oct 2020 16:44:17 GMT","pragma":"no-cache","content-type":"application/json; charset=utf-8","vary":"X-Origin, Referer, Origin,Accept-Encoding","server":"scaffolding on HTTPServer2","x-xss-protection":"0","x-frame-options":"SAMEORIGIN","x-content-type-options":"nosniff","alt-svc":"h3-Q050=\":443\"; ma=2592000,h3-29=\":443\"; ma=2592000,h3-27=\":443\"; ma=2592000,h3-T051=\":443\"; ma=2592000,h3-T050=\":443\"; ma=2592000,h3-Q046=\":443\"; ma=2592000,h3-Q043=\":443\"; ma=2592000,quic=\":443\"; ma=2592000; v=\"46,43\"","accept-ranges":"none","transfer-encoding":"chunked"}
[debug] [2020-10-12T16:44:17.088Z] >>> HTTP REQUEST GET https://firebase.googleapis.com/v1beta1/projects/darnazon/webApps/-/config  
 
[debug] [2020-10-12T16:44:17.515Z] <<< HTTP RESPONSE 200 {"content-type":"application/json; charset=UTF-8","vary":"X-Origin, Referer, Origin,Accept-Encoding","date":"Mon, 12 Oct 2020 16:44:18 GMT","server":"ESF","cache-control":"private","x-xss-protection":"0","x-frame-options":"SAMEORIGIN","x-content-type-options":"nosniff","alt-svc":"h3-Q050=\":443\"; ma=2592000,h3-29=\":443\"; ma=2592000,h3-27=\":443\"; ma=2592000,h3-T051=\":443\"; ma=2592000,h3-T050=\":443\"; ma=2592000,h3-Q046=\":443\"; ma=2592000,h3-Q043=\":443\"; ma=2592000,quic=\":443\"; ma=2592000; v=\"46,43\"","accept-ranges":"none","transfer-encoding":"chunked"}
[info] i  hosting: Serving hosting files from: build {"metadata":{"emulator":{"name":"hosting"},"message":"Serving hosting files from: \u001b[1mbuild\u001b[22m"}}
[info] +  hosting: Local server: http://localhost:5000 {"metadata":{"emulator":{"name":"hosting"},"message":"Local server: \u001b[4m\u001b[1mhttp://localhost:5000\u001b[22m\u001b[24m"}}
[debug] [2020-10-12T16:44:21.546Z] Ignoring unsupported arg: auto_download {"metadata":{"emulator":{"name":"ui"},"message":"Ignoring unsupported arg: auto_download"}}
[debug] [2020-10-12T16:44:21.546Z] Ignoring unsupported arg: port {"metadata":{"emulator":{"name":"ui"},"message":"Ignoring unsupported arg: port"}}
[debug] [2020-10-12T16:44:21.546Z] Starting Emulator UI with command {"binary":"node","args":["C:\\Users\\chris\\.cache\\firebase\\emulators\\ui-v1.1.1\\server.bundle.js"],"optionalArgs":[],"joinArgs":false} {"metadata":{"emulator":{"name":"ui"},"message":"Starting Emulator UI with command {\"binary\":\"node\",\"args\":[\"C:\\\\Users\\\\chris\\\\.cache\\\\firebase\\\\emulators\\\\ui-v1.1.1\\\\server.bundle.js\"],\"optionalArgs\":[],\"joinArgs\":false}"}}
[info] i  ui: Emulator UI logging to ui-debug.log {"metadata":{"emulator":{"name":"ui"},"message":"Emulator UI logging to \u001b[1mui-debug.log\u001b[22m"}}
[debug] [2020-10-12T16:44:21.634Z] Web / API server started at http://localhost:4000
 {"metadata":{"emulator":{"name":"ui"},"message":"Web / API server started at http://localhost:4000\n"}}
[info] i  functions: Watching "C:\Users\chris\OneDrive\desktop\PROGRAMMING\Darnusphere\darnazon\functions" for Cloud Functions... {"metadata":{"emulator":{"name":"functions"},"message":"Watching \"C:\\Users\\chris\\OneDrive\\desktop\\PROGRAMMING\\Darnusphere\\darnazon\\functions\" for Cloud Functions..."}}
[debug] [2020-10-12T16:44:22.063Z] [worker-pool] addWorker(~diagnostic~) {"metadata":{"emulator":{"name":"functions"},"message":"[worker-pool] addWorker(~diagnostic~)"}}
[debug] [2020-10-12T16:44:22.063Z] [worker-pool] Adding worker with key ~diagnostic~, total=1 {"metadata":{"emulator":{"name":"functions"},"message":"[worker-pool] Adding worker with key ~diagnostic~, total=1"}}
[debug] [2020-10-12T16:44:22.063Z] [worker-pool] submitWork(triggerId=) {"metadata":{"emulator":{"name":"functions"},"message":"[worker-pool] submitWork(triggerId=)"}}
[debug] [2020-10-12T16:44:22.063Z] [worker-~diagnostic~-24bfe394-61b5-4482-b536-b1a7f1fcd890]: Assigning socketPath: \\?\pipe\C:\Users\chris\OneDrive\desktop\PROGRAMMING\Darnusphere\darnazon\functions\14176 {"metadata":{"emulator":{"name":"functions"},"message":"[worker-~diagnostic~-24bfe394-61b5-4482-b536-b1a7f1fcd890]: Assigning socketPath: \\\\?\\pipe\\C:\\Users\\chris\\OneDrive\\desktop\\PROGRAMMING\\Darnusphere\\darnazon\\functions\\14176"}}
[debug] [2020-10-12T16:44:22.063Z] [worker-~diagnostic~-24bfe394-61b5-4482-b536-b1a7f1fcd890]: BUSY {"metadata":{"emulator":{"name":"functions"},"message":"[worker-~diagnostic~-24bfe394-61b5-4482-b536-b1a7f1fcd890]: BUSY"}}
[debug] [2020-10-12T16:44:22.337Z] [runtime-status] [14176] Functions runtime initialized. {"cwd":"C:\\Users\\chris\\OneDrive\\desktop\\PROGRAMMING\\Darnusphere\\darnazon\\functions","node_version":"12.16.2"} {"metadata":{"emulator":{"name":"functions"},"message":"[runtime-status] [14176] Functions runtime initialized. {\"cwd\":\"C:\\\\Users\\\\chris\\\\OneDrive\\\\desktop\\\\PROGRAMMING\\\\Darnusphere\\\\darnazon\\\\functions\",\"node_version\":\"12.16.2\"}"}}
[debug] [2020-10-12T16:44:22.338Z] [runtime-status] [14176] Disabled runtime features: undefined {"metadata":{"emulator":{"name":"functions"},"message":"[runtime-status] [14176] Disabled runtime features: undefined"}}
[debug] [2020-10-12T16:44:22.341Z] [runtime-status] [14176] Resolved module firebase-admin {"declared":true,"installed":true,"version":"8.13.0","resolution":"C:\\Users\\chris\\OneDrive\\desktop\\PROGRAMMING\\Darnusphere\\darnazon\\functions\\node_modules\\firebase-admin\\lib\\index.js"} {"metadata":{"emulator":{"name":"functions"},"message":"[runtime-status] [14176] Resolved module firebase-admin {\"declared\":true,\"installed\":true,\"version\":\"8.13.0\",\"resolution\":\"C:\\\\Users\\\\chris\\\\OneDrive\\\\desktop\\\\PROGRAMMING\\\\Darnusphere\\\\darnazon\\\\functions\\\\node_modules\\\\firebase-admin\\\\lib\\\\index.js\"}"}}
[debug] [2020-10-12T16:44:22.342Z] [runtime-status] [14176] Resolved module firebase-functions {"declared":true,"installed":true,"version":"3.11.0","resolution":"C:\\Users\\chris\\OneDrive\\desktop\\PROGRAMMING\\Darnusphere\\darnazon\\functions\\node_modules\\firebase-functions\\lib\\index.js"} {"metadata":{"emulator":{"name":"functions"},"message":"[runtime-status] [14176] Resolved module firebase-functions {\"declared\":true,\"installed\":true,\"version\":\"3.11.0\",\"resolution\":\"C:\\\\Users\\\\chris\\\\OneDrive\\\\desktop\\\\PROGRAMMING\\\\Darnusphere\\\\darnazon\\\\functions\\\\node_modules\\\\firebase-functions\\\\lib\\\\index.js\"}"}}
[debug] [2020-10-12T16:44:22.344Z] [runtime-status] [14176] Resolved module firebase-functions {"declared":true,"installed":true,"version":"3.11.0","resolution":"C:\\Users\\chris\\OneDrive\\desktop\\PROGRAMMING\\Darnusphere\\darnazon\\functions\\node_modules\\firebase-functions\\lib\\index.js"} {"metadata":{"emulator":{"name":"functions"},"message":"[runtime-status] [14176] Resolved module firebase-functions {\"declared\":true,\"installed\":true,\"version\":\"3.11.0\",\"resolution\":\"C:\\\\Users\\\\chris\\\\OneDrive\\\\desktop\\\\PROGRAMMING\\\\Darnusphere\\\\darnazon\\\\functions\\\\node_modules\\\\firebase-functions\\\\lib\\\\index.js\"}"}}
[debug] [2020-10-12T16:44:22.345Z] [runtime-status] [14176] Outgoing network have been stubbed. [{"name":"http","status":"mocked"},{"name":"http","status":"mocked"},{"name":"https","status":"mocked"},{"name":"https","status":"mocked"},{"name":"net","status":"mocked"}] {"metadata":{"emulator":{"name":"functions"},"message":"[runtime-status] [14176] Outgoing network have been stubbed. [{\"name\":\"http\",\"status\":\"mocked\"},{\"name\":\"http\",\"status\":\"mocked\"},{\"name\":\"https\",\"status\":\"mocked\"},{\"name\":\"https\",\"status\":\"mocked\"},{\"name\":\"net\",\"status\":\"mocked\"}]"}}
[debug] [2020-10-12T16:44:22.346Z] [runtime-status] [14176] Resolved module firebase-functions {"declared":true,"installed":true,"version":"3.11.0","resolution":"C:\\Users\\chris\\OneDrive\\desktop\\PROGRAMMING\\Darnusphere\\darnazon\\functions\\node_modules\\firebase-functions\\lib\\index.js"} {"metadata":{"emulator":{"name":"functions"},"message":"[runtime-status] [14176] Resolved module firebase-functions {\"declared\":true,\"installed\":true,\"version\":\"3.11.0\",\"resolution\":\"C:\\\\Users\\\\chris\\\\OneDrive\\\\desktop\\\\PROGRAMMING\\\\Darnusphere\\\\darnazon\\\\functions\\\\node_modules\\\\firebase-functions\\\\lib\\\\index.js\"}"}}
[debug] [2020-10-12T16:44:22.377Z] [runtime-status] [14176] Checked functions.config() {"config":{}} {"metadata":{"emulator":{"name":"functions"},"message":"[runtime-status] [14176] Checked functions.config() {\"config\":{}}"}}
[debug] [2020-10-12T16:44:22.378Z] [runtime-status] [14176] firebase-functions has been stubbed. {"functionsResolution":{"declared":true,"installed":true,"version":"3.11.0","resolution":"C:\\Users\\chris\\OneDrive\\desktop\\PROGRAMMING\\Darnusphere\\darnazon\\functions\\node_modules\\firebase-functions\\lib\\index.js"}} {"metadata":{"emulator":{"name":"functions"},"message":"[runtime-status] [14176] firebase-functions has been stubbed. {\"functionsResolution\":{\"declared\":true,\"installed\":true,\"version\":\"3.11.0\",\"resolution\":\"C:\\\\Users\\\\chris\\\\OneDrive\\\\desktop\\\\PROGRAMMING\\\\Darnusphere\\\\darnazon\\\\functions\\\\node_modules\\\\firebase-functions\\\\lib\\\\index.js\"}}"}}
[debug] [2020-10-12T16:44:22.378Z] [runtime-status] [14176] Resolved module firebase-functions {"declared":true,"installed":true,"version":"3.11.0","resolution":"C:\\Users\\chris\\OneDrive\\desktop\\PROGRAMMING\\Darnusphere\\darnazon\\functions\\node_modules\\firebase-functions\\lib\\index.js"} {"metadata":{"emulator":{"name":"functions"},"message":"[runtime-status] [14176] Resolved module firebase-functions {\"declared\":true,\"installed\":true,\"version\":\"3.11.0\",\"resolution\":\"C:\\\\Users\\\\chris\\\\OneDrive\\\\desktop\\\\PROGRAMMING\\\\Darnusphere\\\\darnazon\\\\functions\\\\node_modules\\\\firebase-functions\\\\lib\\\\index.js\"}"}}
[debug] [2020-10-12T16:44:22.379Z] [runtime-status] [14176] Resolved module firebase-admin {"declared":true,"installed":true,"version":"8.13.0","resolution":"C:\\Users\\chris\\OneDrive\\desktop\\PROGRAMMING\\Darnusphere\\darnazon\\functions\\node_modules\\firebase-admin\\lib\\index.js"} {"metadata":{"emulator":{"name":"functions"},"message":"[runtime-status] [14176] Resolved module firebase-admin {\"declared\":true,\"installed\":true,\"version\":\"8.13.0\",\"resolution\":\"C:\\\\Users\\\\chris\\\\OneDrive\\\\desktop\\\\PROGRAMMING\\\\Darnusphere\\\\darnazon\\\\functions\\\\node_modules\\\\firebase-admin\\\\lib\\\\index.js\"}"}}
[debug] [2020-10-12T16:44:22.379Z] [runtime-status] [14176] Resolved module firebase-functions {"declared":true,"installed":true,"version":"3.11.0","resolution":"C:\\Users\\chris\\OneDrive\\desktop\\PROGRAMMING\\Darnusphere\\darnazon\\functions\\node_modules\\firebase-functions\\lib\\index.js"} {"metadata":{"emulator":{"name":"functions"},"message":"[runtime-status] [14176] Resolved module firebase-functions {\"declared\":true,\"installed\":true,\"version\":\"3.11.0\",\"resolution\":\"C:\\\\Users\\\\chris\\\\OneDrive\\\\desktop\\\\PROGRAMMING\\\\Darnusphere\\\\darnazon\\\\functions\\\\node_modules\\\\firebase-functions\\\\lib\\\\index.js\"}"}}
[debug] [2020-10-12T16:44:22.379Z] [runtime-status] [14176] firebase-admin has been stubbed. {"adminResolution":{"declared":true,"installed":true,"version":"8.13.0","resolution":"C:\\Users\\chris\\OneDrive\\desktop\\PROGRAMMING\\Darnusphere\\darnazon\\functions\\node_modules\\firebase-admin\\lib\\index.js"}} {"metadata":{"emulator":{"name":"functions"},"message":"[runtime-status] [14176] firebase-admin has been stubbed. {\"adminResolution\":{\"declared\":true,\"installed\":true,\"version\":\"8.13.0\",\"resolution\":\"C:\\\\Users\\\\chris\\\\OneDrive\\\\desktop\\\\PROGRAMMING\\\\Darnusphere\\\\darnazon\\\\functions\\\\node_modules\\\\firebase-admin\\\\lib\\\\index.js\"}}"}}
[info] +  functions[api]: http function initialized (http://localhost:5001/darnazon/us-central1/api). {"metadata":{"emulator":{"name":"functions"},"message":"\u001b[1mhttp\u001b[22m function initialized (http://localhost:5001/darnazon/us-central1/api)."}}
[info] 
┌───────────────────────────────────────────────────────────────────────┐
│ ✔  All emulators ready! View status and logs at http://localhost:4000 │
└───────────────────────────────────────────────────────────────────────┘

┌───────────┬────────────────┬─────────────────────────────────┐
│ Emulator  │ Host:Port      │ View in Emulator UI             │
├───────────┼────────────────┼─────────────────────────────────┤
│ Functions │ localhost:5001 │ http://localhost:4000/functions │
├───────────┼────────────────┼─────────────────────────────────┤
│ Hosting   │ localhost:5000 │ n/a                             │
└───────────┴────────────────┴─────────────────────────────────┘
  Other reserved ports: 4400, 4500

Issues? Report them at https://github.com/firebase/firebase-tools/issues and attach the *-debug.log files.
 
[debug] [2020-10-12T16:44:22.508Z] [worker-~diagnostic~-24bfe394-61b5-4482-b536-b1a7f1fcd890]: IDLE {"metadata":{"emulator":{"name":"functions"},"message":"[worker-~diagnostic~-24bfe394-61b5-4482-b536-b1a7f1fcd890]: IDLE"}}
[debug] [2020-10-12T16:44:31.579Z] [work-queue] {"queueLength":1,"workRunningCount":0}
[debug] [2020-10-12T16:44:31.579Z] [work-queue] {"queueLength":0,"workRunningCount":1}
[debug] [2020-10-12T16:44:31.580Z] Accepted request GET /darnazon/us-central1/api --> api
[debug] [2020-10-12T16:44:31.583Z] [worker-pool] addWorker(api) {"metadata":{"emulator":{"name":"functions"},"message":"[worker-pool] addWorker(api)"}}
[debug] [2020-10-12T16:44:31.583Z] [worker-pool] Adding worker with key api, total=1 {"metadata":{"emulator":{"name":"functions"},"message":"[worker-pool] Adding worker with key api, total=1"}}
[debug] [2020-10-12T16:44:31.583Z] [worker-pool] submitWork(triggerId=api) {"metadata":{"emulator":{"name":"functions"},"message":"[worker-pool] submitWork(triggerId=api)"}}
[debug] [2020-10-12T16:44:31.583Z] [worker-api-56f9d6e5-e2b8-4012-be25-6a5fc975670a]: Assigning socketPath: \\?\pipe\C:\Users\chris\OneDrive\desktop\PROGRAMMING\Darnusphere\darnazon\functions\4716 {"metadata":{"emulator":{"name":"functions"},"message":"[worker-api-56f9d6e5-e2b8-4012-be25-6a5fc975670a]: Assigning socketPath: \\\\?\\pipe\\C:\\Users\\chris\\OneDrive\\desktop\\PROGRAMMING\\Darnusphere\\darnazon\\functions\\4716"}}
[debug] [2020-10-12T16:44:31.583Z] [worker-api-56f9d6e5-e2b8-4012-be25-6a5fc975670a]: BUSY {"metadata":{"emulator":{"name":"functions"},"message":"[worker-api-56f9d6e5-e2b8-4012-be25-6a5fc975670a]: BUSY"}}
[debug] [2020-10-12T16:44:31.847Z] [runtime-status] [4716] Functions runtime initialized. {"cwd":"C:\\Users\\chris\\OneDrive\\desktop\\PROGRAMMING\\Darnusphere\\darnazon\\functions","node_version":"12.16.2"} {"metadata":{"emulator":{"name":"functions"},"function":{"name":"api"},"message":"[runtime-status] [4716] Functions runtime initialized. {\"cwd\":\"C:\\\\Users\\\\chris\\\\OneDrive\\\\desktop\\\\PROGRAMMING\\\\Darnusphere\\\\darnazon\\\\functions\",\"node_version\":\"12.16.2\"}"}}
[debug] [2020-10-12T16:44:31.848Z] [runtime-status] [4716] Disabled runtime features: undefined {"metadata":{"emulator":{"name":"functions"},"function":{"name":"api"},"message":"[runtime-status] [4716] Disabled runtime features: undefined"}}
[debug] [2020-10-12T16:44:31.851Z] [runtime-status] [4716] Resolved module firebase-admin {"declared":true,"installed":true,"version":"8.13.0","resolution":"C:\\Users\\chris\\OneDrive\\desktop\\PROGRAMMING\\Darnusphere\\darnazon\\functions\\node_modules\\firebase-admin\\lib\\index.js"} {"metadata":{"emulator":{"name":"functions"},"function":{"name":"api"},"message":"[runtime-status] [4716] Resolved module firebase-admin {\"declared\":true,\"installed\":true,\"version\":\"8.13.0\",\"resolution\":\"C:\\\\Users\\\\chris\\\\OneDrive\\\\desktop\\\\PROGRAMMING\\\\Darnusphere\\\\darnazon\\\\functions\\\\node_modules\\\\firebase-admin\\\\lib\\\\index.js\"}"}}
[debug] [2020-10-12T16:44:31.854Z] [runtime-status] [4716] Resolved module firebase-functions {"declared":true,"installed":true,"version":"3.11.0","resolution":"C:\\Users\\chris\\OneDrive\\desktop\\PROGRAMMING\\Darnusphere\\darnazon\\functions\\node_modules\\firebase-functions\\lib\\index.js"} {"metadata":{"emulator":{"name":"functions"},"function":{"name":"api"},"message":"[runtime-status] [4716] Resolved module firebase-functions {\"declared\":true,\"installed\":true,\"version\":\"3.11.0\",\"resolution\":\"C:\\\\Users\\\\chris\\\\OneDrive\\\\desktop\\\\PROGRAMMING\\\\Darnusphere\\\\darnazon\\\\functions\\\\node_modules\\\\firebase-functions\\\\lib\\\\index.js\"}"}}
[debug] [2020-10-12T16:44:31.854Z] [runtime-status] [4716] Resolved module firebase-functions {"declared":true,"installed":true,"version":"3.11.0","resolution":"C:\\Users\\chris\\OneDrive\\desktop\\PROGRAMMING\\Darnusphere\\darnazon\\functions\\node_modules\\firebase-functions\\lib\\index.js"} {"metadata":{"emulator":{"name":"functions"},"function":{"name":"api"},"message":"[runtime-status] [4716] Resolved module firebase-functions {\"declared\":true,\"installed\":true,\"version\":\"3.11.0\",\"resolution\":\"C:\\\\Users\\\\chris\\\\OneDrive\\\\desktop\\\\PROGRAMMING\\\\Darnusphere\\\\darnazon\\\\functions\\\\node_modules\\\\firebase-functions\\\\lib\\\\index.js\"}"}}
[debug] [2020-10-12T16:44:31.856Z] [runtime-status] [4716] Outgoing network have been stubbed. [{"name":"http","status":"mocked"},{"name":"http","status":"mocked"},{"name":"https","status":"mocked"},{"name":"https","status":"mocked"},{"name":"net","status":"mocked"}] {"metadata":{"emulator":{"name":"functions"},"function":{"name":"api"},"message":"[runtime-status] [4716] Outgoing network have been stubbed. [{\"name\":\"http\",\"status\":\"mocked\"},{\"name\":\"http\",\"status\":\"mocked\"},{\"name\":\"https\",\"status\":\"mocked\"},{\"name\":\"https\",\"status\":\"mocked\"},{\"name\":\"net\",\"status\":\"mocked\"}]"}}
[debug] [2020-10-12T16:44:31.856Z] [runtime-status] [4716] Resolved module firebase-functions {"declared":true,"installed":true,"version":"3.11.0","resolution":"C:\\Users\\chris\\OneDrive\\desktop\\PROGRAMMING\\Darnusphere\\darnazon\\functions\\node_modules\\firebase-functions\\lib\\index.js"} {"metadata":{"emulator":{"name":"functions"},"function":{"name":"api"},"message":"[runtime-status] [4716] Resolved module firebase-functions {\"declared\":true,\"installed\":true,\"version\":\"3.11.0\",\"resolution\":\"C:\\\\Users\\\\chris\\\\OneDrive\\\\desktop\\\\PROGRAMMING\\\\Darnusphere\\\\darnazon\\\\functions\\\\node_modules\\\\firebase-functions\\\\lib\\\\index.js\"}"}}
[debug] [2020-10-12T16:44:31.887Z] [runtime-status] [4716] Checked functions.config() {"config":{}} {"metadata":{"emulator":{"name":"functions"},"function":{"name":"api"},"message":"[runtime-status] [4716] Checked functions.config() {\"config\":{}}"}}
[debug] [2020-10-12T16:44:31.887Z] [runtime-status] [4716] firebase-functions has been stubbed. {"functionsResolution":{"declared":true,"installed":true,"version":"3.11.0","resolution":"C:\\Users\\chris\\OneDrive\\desktop\\PROGRAMMING\\Darnusphere\\darnazon\\functions\\node_modules\\firebase-functions\\lib\\index.js"}} {"metadata":{"emulator":{"name":"functions"},"function":{"name":"api"},"message":"[runtime-status] [4716] firebase-functions has been stubbed. {\"functionsResolution\":{\"declared\":true,\"installed\":true,\"version\":\"3.11.0\",\"resolution\":\"C:\\\\Users\\\\chris\\\\OneDrive\\\\desktop\\\\PROGRAMMING\\\\Darnusphere\\\\darnazon\\\\functions\\\\node_modules\\\\firebase-functions\\\\lib\\\\index.js\"}}"}}
[debug] [2020-10-12T16:44:31.888Z] [runtime-status] [4716] Resolved module firebase-functions {"declared":true,"installed":true,"version":"3.11.0","resolution":"C:\\Users\\chris\\OneDrive\\desktop\\PROGRAMMING\\Darnusphere\\darnazon\\functions\\node_modules\\firebase-functions\\lib\\index.js"} {"metadata":{"emulator":{"name":"functions"},"function":{"name":"api"},"message":"[runtime-status] [4716] Resolved module firebase-functions {\"declared\":true,\"installed\":true,\"version\":\"3.11.0\",\"resolution\":\"C:\\\\Users\\\\chris\\\\OneDrive\\\\desktop\\\\PROGRAMMING\\\\Darnusphere\\\\darnazon\\\\functions\\\\node_modules\\\\firebase-functions\\\\lib\\\\index.js\"}"}}
[debug] [2020-10-12T16:44:31.888Z] [runtime-status] [4716] Resolved module firebase-admin {"declared":true,"installed":true,"version":"8.13.0","resolution":"C:\\Users\\chris\\OneDrive\\desktop\\PROGRAMMING\\Darnusphere\\darnazon\\functions\\node_modules\\firebase-admin\\lib\\index.js"} {"metadata":{"emulator":{"name":"functions"},"function":{"name":"api"},"message":"[runtime-status] [4716] Resolved module firebase-admin {\"declared\":true,\"installed\":true,\"version\":\"8.13.0\",\"resolution\":\"C:\\\\Users\\\\chris\\\\OneDrive\\\\desktop\\\\PROGRAMMING\\\\Darnusphere\\\\darnazon\\\\functions\\\\node_modules\\\\firebase-admin\\\\lib\\\\index.js\"}"}}
[debug] [2020-10-12T16:44:31.889Z] [runtime-status] [4716] Resolved module firebase-functions {"declared":true,"installed":true,"version":"3.11.0","resolution":"C:\\Users\\chris\\OneDrive\\desktop\\PROGRAMMING\\Darnusphere\\darnazon\\functions\\node_modules\\firebase-functions\\lib\\index.js"} {"metadata":{"emulator":{"name":"functions"},"function":{"name":"api"},"message":"[runtime-status] [4716] Resolved module firebase-functions {\"declared\":true,\"installed\":true,\"version\":\"3.11.0\",\"resolution\":\"C:\\\\Users\\\\chris\\\\OneDrive\\\\desktop\\\\PROGRAMMING\\\\Darnusphere\\\\darnazon\\\\functions\\\\node_modules\\\\firebase-functions\\\\lib\\\\index.js\"}"}}
[debug] [2020-10-12T16:44:31.889Z] [runtime-status] [4716] firebase-admin has been stubbed. {"adminResolution":{"declared":true,"installed":true,"version":"8.13.0","resolution":"C:\\Users\\chris\\OneDrive\\desktop\\PROGRAMMING\\Darnusphere\\darnazon\\functions\\node_modules\\firebase-admin\\lib\\index.js"}} {"metadata":{"emulator":{"name":"functions"},"function":{"name":"api"},"message":"[runtime-status] [4716] firebase-admin has been stubbed. {\"adminResolution\":{\"declared\":true,\"installed\":true,\"version\":\"8.13.0\",\"resolution\":\"C:\\\\Users\\\\chris\\\\OneDrive\\\\desktop\\\\PROGRAMMING\\\\Darnusphere\\\\darnazon\\\\functions\\\\node_modules\\\\firebase-admin\\\\lib\\\\index.js\"}}"}}
[debug] [2020-10-12T16:44:32.000Z] [runtime-status] [4716] Trigger "api" has been found, beginning invocation! {"metadata":{"emulator":{"name":"functions"},"function":{"name":"api"},"message":"[runtime-status] [4716] Trigger \"api\" has been found, beginning invocation!"}}
[info] i  functions: Beginning execution of "api" {"metadata":{"emulator":{"name":"functions"},"function":{"name":"api"},"message":"Beginning execution of \"api\""}}
[debug] [2020-10-12T16:44:32.001Z] [runtime-status] [4716] triggerDefinition {"httpsTrigger":{},"name":"api","entryPoint":"api"} {"metadata":{"emulator":{"name":"functions"},"function":{"name":"api"},"message":"[runtime-status] [4716] triggerDefinition {\"httpsTrigger\":{},\"name\":\"api\",\"entryPoint\":\"api\"}"}}
[debug] [2020-10-12T16:44:32.001Z] [runtime-status] [4716] Running api in mode HTTPS {"metadata":{"emulator":{"name":"functions"},"function":{"name":"api"},"message":"[runtime-status] [4716] Running api in mode HTTPS"}}
[debug] [2020-10-12T16:44:32.003Z] [runtime-status] [4716] Attempting to listen to socketPath: \\?\pipe\C:\Users\chris\OneDrive\desktop\PROGRAMMING\Darnusphere\darnazon\functions\4716 {"metadata":{"emulator":{"name":"functions"},"function":{"name":"api"},"message":"[runtime-status] [4716] Attempting to listen to socketPath: \\\\?\\pipe\\C:\\Users\\chris\\OneDrive\\desktop\\PROGRAMMING\\Darnusphere\\darnazon\\functions\\4716"}}
[debug] [2020-10-12T16:44:32.005Z] [functions] Runtime ready! Sending request! {"metadata":{"emulator":{"name":"functions"},"message":"[functions] Runtime ready! Sending request!"}}
[debug] [2020-10-12T16:44:32.009Z] [runtime-status] [4716] Ephemeral server handling GET request {"metadata":{"emulator":{"name":"functions"},"function":{"name":"api"},"message":"[runtime-status] [4716] Ephemeral server handling GET request"}}
[debug] [2020-10-12T16:44:32.014Z] [runtime-status] [4716] Ephemeral server survived. {"metadata":{"emulator":{"name":"functions"},"function":{"name":"api"},"message":"[runtime-status] [4716] Ephemeral server survived."}}
[info] i  functions: Finished "api" in ~1s {"metadata":{"emulator":{"name":"functions"},"function":{"name":"api"},"message":"Finished \"api\" in ~1s"}}
[debug] [2020-10-12T16:44:32.020Z] [worker-api-56f9d6e5-e2b8-4012-be25-6a5fc975670a]: IDLE {"metadata":{"emulator":{"name":"functions"},"message":"[worker-api-56f9d6e5-e2b8-4012-be25-6a5fc975670a]: IDLE"}}
[debug] [2020-10-12T16:44:32.020Z] [work-queue] {"queueLength":0,"workRunningCount":0}
[debug] [2020-10-12T16:44:32.097Z] Functions emulator received unknown request at path /favicon.ico
[debug] [2020-10-12T16:45:26.363Z] [work-queue] {"queueLength":1,"workRunningCount":0}
[debug] [2020-10-12T16:45:26.363Z] [work-queue] {"queueLength":0,"workRunningCount":1}
[debug] [2020-10-12T16:45:26.363Z] Accepted request POST /darnazon/us-central1/api/payments/create?total=0 --> api
[debug] [2020-10-12T16:45:26.363Z] [worker-pool] submitWork(triggerId=api) {"metadata":{"emulator":{"name":"functions"},"message":"[worker-pool] submitWork(triggerId=api)"}}
[debug] [2020-10-12T16:45:26.363Z] [worker-api-56f9d6e5-e2b8-4012-be25-6a5fc975670a]: Assigning socketPath: \\?\pipe\C:\Users\chris\OneDrive\desktop\PROGRAMMING\Darnusphere\darnazon\functions\4716 {"metadata":{"emulator":{"name":"functions"},"message":"[worker-api-56f9d6e5-e2b8-4012-be25-6a5fc975670a]: Assigning socketPath: \\\\?\\pipe\\C:\\Users\\chris\\OneDrive\\desktop\\PROGRAMMING\\Darnusphere\\darnazon\\functions\\4716"}}
[debug] [2020-10-12T16:45:26.363Z] [worker-api-56f9d6e5-e2b8-4012-be25-6a5fc975670a]: BUSY {"metadata":{"emulator":{"name":"functions"},"message":"[worker-api-56f9d6e5-e2b8-4012-be25-6a5fc975670a]: BUSY"}}
[debug] [2020-10-12T16:45:26.364Z] [runtime-status] [4716] Trigger "api" has been found, beginning invocation! {"metadata":{"emulator":{"name":"functions"},"function":{"name":"api"},"message":"[runtime-status] [4716] Trigger \"api\" has been found, beginning invocation!"}}
[info] i  functions: Beginning execution of "api" {"metadata":{"emulator":{"name":"functions"},"function":{"name":"api"},"message":"Beginning execution of \"api\""}}
[debug] [2020-10-12T16:45:26.365Z] [runtime-status] [4716] triggerDefinition {"httpsTrigger":{},"name":"api","entryPoint":"api"} {"metadata":{"emulator":{"name":"functions"},"function":{"name":"api"},"message":"[runtime-status] [4716] triggerDefinition {\"httpsTrigger\":{},\"name\":\"api\",\"entryPoint\":\"api\"}"}}
[debug] [2020-10-12T16:45:26.365Z] [runtime-status] [4716] Running api in mode HTTPS {"metadata":{"emulator":{"name":"functions"},"function":{"name":"api"},"message":"[runtime-status] [4716] Running api in mode HTTPS"}}
[debug] [2020-10-12T16:45:26.365Z] [runtime-status] [4716] Attempting to listen to socketPath: \\?\pipe\C:\Users\chris\OneDrive\desktop\PROGRAMMING\Darnusphere\darnazon\functions\4716 {"metadata":{"emulator":{"name":"functions"},"function":{"name":"api"},"message":"[runtime-status] [4716] Attempting to listen to socketPath: \\\\?\\pipe\\C:\\Users\\chris\\OneDrive\\desktop\\PROGRAMMING\\Darnusphere\\darnazon\\functions\\4716"}}
[debug] [2020-10-12T16:45:26.366Z] [functions] Runtime ready! Sending request! {"metadata":{"emulator":{"name":"functions"},"message":"[functions] Runtime ready! Sending request!"}}
[debug] [2020-10-12T16:45:26.369Z] [runtime-status] [4716] Ephemeral server handling POST request {"metadata":{"emulator":{"name":"functions"},"function":{"name":"api"},"message":"[runtime-status] [4716] Ephemeral server handling POST request"}}
[info] >  Payment Request Recieved BOOM!!! for this amount >>>  0 {"user":"Payment Request Recieved BOOM!!! for this amount >>>  0","metadata":{"emulator":{"name":"functions"},"function":{"name":"api"},"message":"\u001b[90m> \u001b[39m Payment Request Recieved BOOM!!! for this amount >>>  0"}}
[debug] [2020-10-12T16:45:26.377Z] [runtime-status] [4716] Ephemeral server survived. {"metadata":{"emulator":{"name":"functions"},"function":{"name":"api"},"message":"[runtime-status] [4716] Ephemeral server survived."}}
[info] >  (node:4716) UnhandledPromiseRejectionWarning: Error: This value must be greater than or equal to 1. {"user":"(node:4716) UnhandledPromiseRejectionWarning: Error: This value must be greater than or equal to 1.","metadata":{"emulator":{"name":"functions"},"function":{"name":"api"},"message":"\u001b[90m> \u001b[39m (node:4716) UnhandledPromiseRejectionWarning: Error: This value must be greater than or equal to 1."}}
[info] >      at Function.generate (C:\Users\chris\OneDrive\desktop\PROGRAMMING\Darnusphere\darnazon\functions\node_modules\stripe\lib\Error.js:39:16) {"user":"    at Function.generate (C:\\Users\\chris\\OneDrive\\desktop\\PROGRAMMING\\Darnusphere\\darnazon\\functions\\node_modules\\stripe\\lib\\Error.js:39:16)","metadata":{"emulator":{"name":"functions"},"function":{"name":"api"},"message":"\u001b[90m> \u001b[39m     at Function.generate (C:\\Users\\chris\\OneDrive\\desktop\\PROGRAMMING\\Darnusphere\\darnazon\\functions\\node_modules\\stripe\\lib\\Error.js:39:16)"}}
[info] >      at IncomingMessage.<anonymous> (C:\Users\chris\OneDrive\desktop\PROGRAMMING\Darnusphere\darnazon\functions\node_modules\stripe\lib\StripeResource.js:190:33) {"user":"    at IncomingMessage.<anonymous> (C:\\Users\\chris\\OneDrive\\desktop\\PROGRAMMING\\Darnusphere\\darnazon\\functions\\node_modules\\stripe\\lib\\StripeResource.js:190:33)","metadata":{"emulator":{"name":"functions"},"function":{"name":"api"},"message":"\u001b[90m> \u001b[39m     at IncomingMessage.<anonymous> (C:\\Users\\chris\\OneDrive\\desktop\\PROGRAMMING\\Darnusphere\\darnazon\\functions\\node_modules\\stripe\\lib\\StripeResource.js:190:33)"}}
[info] >      at Object.onceWrapper (events.js:416:28) {"user":"    at Object.onceWrapper (events.js:416:28)","metadata":{"emulator":{"name":"functions"},"function":{"name":"api"},"message":"\u001b[90m> \u001b[39m     at Object.onceWrapper (events.js:416:28)"}}
[info] >      at IncomingMessage.emit (events.js:322:22) {"user":"    at IncomingMessage.emit (events.js:322:22)","metadata":{"emulator":{"name":"functions"},"function":{"name":"api"},"message":"\u001b[90m> \u001b[39m     at IncomingMessage.emit (events.js:322:22)"}}
[info] >      at endReadableNT (_stream_readable.js:1187:12) {"user":"    at endReadableNT (_stream_readable.js:1187:12)","metadata":{"emulator":{"name":"functions"},"function":{"name":"api"},"message":"\u001b[90m> \u001b[39m     at endReadableNT (_stream_readable.js:1187:12)"}}
[info] >      at processTicksAndRejections (internal/process/task_queues.js:84:21) {"user":"    at processTicksAndRejections (internal/process/task_queues.js:84:21)","metadata":{"emulator":{"name":"functions"},"function":{"name":"api"},"message":"\u001b[90m> \u001b[39m     at processTicksAndRejections (internal/process/task_queues.js:84:21)"}}
[info] >  (node:4716) UnhandledPromiseRejectionWarning: Unhandled promise rejection. This error originated either by throwing inside of an async function without a catch block, or by rejecting a promise which was not handled with .catch(). To terminate the node process on unhandled promise rejection, use the CLI flag `--unhandled-rejections=strict` (see https://nodejs.org/api/cli.html#cli_unhandled_rejections_mode). (rejection id: 1) {"user":"(node:4716) UnhandledPromiseRejectionWarning: Unhandled promise rejection. This error originated either by throwing inside of an async function without a catch block, or by rejecting a promise which was not handled with .catch(). To terminate the node process on unhandled promise rejection, use the CLI flag `--unhandled-rejections=strict` (see https://nodejs.org/api/cli.html#cli_unhandled_rejections_mode). (rejection id: 1)","metadata":{"emulator":{"name":"functions"},"function":{"name":"api"},"message":"\u001b[90m> \u001b[39m (node:4716) UnhandledPromiseRejectionWarning: Unhandled promise rejection. This error originated either by throwing inside of an async function without a catch block, or by rejecting a promise which was not handled with .catch(). To terminate the node process on unhandled promise rejection, use the CLI flag `--unhandled-rejections=strict` (see https://nodejs.org/api/cli.html#cli_unhandled_rejections_mode). (rejection id: 1)"}}
[info] >  (node:4716) [DEP0018] DeprecationWarning: Unhandled promise rejections are deprecated. In the future, promise rejections that are not handled will terminate the Node.js process with a non-zero exit code. {"user":"(node:4716) [DEP0018] DeprecationWarning: Unhandled promise rejections are deprecated. In the future, promise rejections that are not handled will terminate the Node.js process with a non-zero exit code.","metadata":{"emulator":{"name":"functions"},"function":{"name":"api"},"message":"\u001b[90m> \u001b[39m (node:4716) [DEP0018] DeprecationWarning: Unhandled promise rejections are deprecated. In the future, promise rejections that are not handled will terminate the Node.js process with a non-zero exit code."}}
[debug] [2020-10-12T16:45:31.744Z] [work-queue] {"queueLength":1,"workRunningCount":1}
[debug] [2020-10-12T16:45:31.744Z] [work-queue] {"queueLength":0,"workRunningCount":2}
[debug] [2020-10-12T16:45:31.745Z] Accepted request POST /darnazon/us-central1/api/payments/create?total=20998 --> api
[debug] [2020-10-12T16:45:31.748Z] [worker-pool] addWorker(api) {"metadata":{"emulator":{"name":"functions"},"message":"[worker-pool] addWorker(api)"}}
[debug] [2020-10-12T16:45:31.748Z] [worker-pool] Adding worker with key api, total=2 {"metadata":{"emulator":{"name":"functions"},"message":"[worker-pool] Adding worker with key api, total=2"}}
[debug] [2020-10-12T16:45:31.748Z] [worker-pool] submitWork(triggerId=api) {"metadata":{"emulator":{"name":"functions"},"message":"[worker-pool] submitWork(triggerId=api)"}}
[debug] [2020-10-12T16:45:31.748Z] [worker-api-8686fac9-45b2-4e50-bb9e-e5df4065175d]: Assigning socketPath: \\?\pipe\C:\Users\chris\OneDrive\desktop\PROGRAMMING\Darnusphere\darnazon\functions\1720 {"metadata":{"emulator":{"name":"functions"},"message":"[worker-api-8686fac9-45b2-4e50-bb9e-e5df4065175d]: Assigning socketPath: \\\\?\\pipe\\C:\\Users\\chris\\OneDrive\\desktop\\PROGRAMMING\\Darnusphere\\darnazon\\functions\\1720"}}
[debug] [2020-10-12T16:45:31.748Z] [worker-api-8686fac9-45b2-4e50-bb9e-e5df4065175d]: BUSY {"metadata":{"emulator":{"name":"functions"},"message":"[worker-api-8686fac9-45b2-4e50-bb9e-e5df4065175d]: BUSY"}}
[debug] [2020-10-12T16:45:32.024Z] [runtime-status] [1720] Functions runtime initialized. {"cwd":"C:\\Users\\chris\\OneDrive\\desktop\\PROGRAMMING\\Darnusphere\\darnazon\\functions","node_version":"12.16.2"} {"metadata":{"emulator":{"name":"functions"},"function":{"name":"api"},"message":"[runtime-status] [1720] Functions runtime initialized. {\"cwd\":\"C:\\\\Users\\\\chris\\\\OneDrive\\\\desktop\\\\PROGRAMMING\\\\Darnusphere\\\\darnazon\\\\functions\",\"node_version\":\"12.16.2\"}"}}
[debug] [2020-10-12T16:45:32.025Z] [runtime-status] [1720] Disabled runtime features: undefined {"metadata":{"emulator":{"name":"functions"},"function":{"name":"api"},"message":"[runtime-status] [1720] Disabled runtime features: undefined"}}
[debug] [2020-10-12T16:45:32.027Z] [runtime-status] [1720] Resolved module firebase-admin {"declared":true,"installed":true,"version":"8.13.0","resolution":"C:\\Users\\chris\\OneDrive\\desktop\\PROGRAMMING\\Darnusphere\\darnazon\\functions\\node_modules\\firebase-admin\\lib\\index.js"} {"metadata":{"emulator":{"name":"functions"},"function":{"name":"api"},"message":"[runtime-status] [1720] Resolved module firebase-admin {\"declared\":true,\"installed\":true,\"version\":\"8.13.0\",\"resolution\":\"C:\\\\Users\\\\chris\\\\OneDrive\\\\desktop\\\\PROGRAMMING\\\\Darnusphere\\\\darnazon\\\\functions\\\\node_modules\\\\firebase-admin\\\\lib\\\\index.js\"}"}}
[debug] [2020-10-12T16:45:32.030Z] [runtime-status] [1720] Resolved module firebase-functions {"declared":true,"installed":true,"version":"3.11.0","resolution":"C:\\Users\\chris\\OneDrive\\desktop\\PROGRAMMING\\Darnusphere\\darnazon\\functions\\node_modules\\firebase-functions\\lib\\index.js"} {"metadata":{"emulator":{"name":"functions"},"function":{"name":"api"},"message":"[runtime-status] [1720] Resolved module firebase-functions {\"declared\":true,\"installed\":true,\"version\":\"3.11.0\",\"resolution\":\"C:\\\\Users\\\\chris\\\\OneDrive\\\\desktop\\\\PROGRAMMING\\\\Darnusphere\\\\darnazon\\\\functions\\\\node_modules\\\\firebase-functions\\\\lib\\\\index.js\"}"}}
[debug] [2020-10-12T16:45:32.031Z] [runtime-status] [1720] Resolved module firebase-functions {"declared":true,"installed":true,"version":"3.11.0","resolution":"C:\\Users\\chris\\OneDrive\\desktop\\PROGRAMMING\\Darnusphere\\darnazon\\functions\\node_modules\\firebase-functions\\lib\\index.js"} {"metadata":{"emulator":{"name":"functions"},"function":{"name":"api"},"message":"[runtime-status] [1720] Resolved module firebase-functions {\"declared\":true,\"installed\":true,\"version\":\"3.11.0\",\"resolution\":\"C:\\\\Users\\\\chris\\\\OneDrive\\\\desktop\\\\PROGRAMMING\\\\Darnusphere\\\\darnazon\\\\functions\\\\node_modules\\\\firebase-functions\\\\lib\\\\index.js\"}"}}
[debug] [2020-10-12T16:45:32.032Z] [runtime-status] [1720] Outgoing network have been stubbed. [{"name":"http","status":"mocked"},{"name":"http","status":"mocked"},{"name":"https","status":"mocked"},{"name":"https","status":"mocked"},{"name":"net","status":"mocked"}] {"metadata":{"emulator":{"name":"functions"},"function":{"name":"api"},"message":"[runtime-status] [1720] Outgoing network have been stubbed. [{\"name\":\"http\",\"status\":\"mocked\"},{\"name\":\"http\",\"status\":\"mocked\"},{\"name\":\"https\",\"status\":\"mocked\"},{\"name\":\"https\",\"status\":\"mocked\"},{\"name\":\"net\",\"status\":\"mocked\"}]"}}
[debug] [2020-10-12T16:45:32.033Z] [runtime-status] [1720] Resolved module firebase-functions {"declared":true,"installed":true,"version":"3.11.0","resolution":"C:\\Users\\chris\\OneDrive\\desktop\\PROGRAMMING\\Darnusphere\\darnazon\\functions\\node_modules\\firebase-functions\\lib\\index.js"} {"metadata":{"emulator":{"name":"functions"},"function":{"name":"api"},"message":"[runtime-status] [1720] Resolved module firebase-functions {\"declared\":true,\"installed\":true,\"version\":\"3.11.0\",\"resolution\":\"C:\\\\Users\\\\chris\\\\OneDrive\\\\desktop\\\\PROGRAMMING\\\\Darnusphere\\\\darnazon\\\\functions\\\\node_modules\\\\firebase-functions\\\\lib\\\\index.js\"}"}}
[debug] [2020-10-12T16:45:32.064Z] [runtime-status] [1720] Checked functions.config() {"config":{}} {"metadata":{"emulator":{"name":"functions"},"function":{"name":"api"},"message":"[runtime-status] [1720] Checked functions.config() {\"config\":{}}"}}
[debug] [2020-10-12T16:45:32.064Z] [runtime-status] [1720] firebase-functions has been stubbed. {"functionsResolution":{"declared":true,"installed":true,"version":"3.11.0","resolution":"C:\\Users\\chris\\OneDrive\\desktop\\PROGRAMMING\\Darnusphere\\darnazon\\functions\\node_modules\\firebase-functions\\lib\\index.js"}} {"metadata":{"emulator":{"name":"functions"},"function":{"name":"api"},"message":"[runtime-status] [1720] firebase-functions has been stubbed. {\"functionsResolution\":{\"declared\":true,\"installed\":true,\"version\":\"3.11.0\",\"resolution\":\"C:\\\\Users\\\\chris\\\\OneDrive\\\\desktop\\\\PROGRAMMING\\\\Darnusphere\\\\darnazon\\\\functions\\\\node_modules\\\\firebase-functions\\\\lib\\\\index.js\"}}"}}
[debug] [2020-10-12T16:45:32.064Z] [runtime-status] [1720] Resolved module firebase-functions {"declared":true,"installed":true,"version":"3.11.0","resolution":"C:\\Users\\chris\\OneDrive\\desktop\\PROGRAMMING\\Darnusphere\\darnazon\\functions\\node_modules\\firebase-functions\\lib\\index.js"} {"metadata":{"emulator":{"name":"functions"},"function":{"name":"api"},"message":"[runtime-status] [1720] Resolved module firebase-functions {\"declared\":true,\"installed\":true,\"version\":\"3.11.0\",\"resolution\":\"C:\\\\Users\\\\chris\\\\OneDrive\\\\desktop\\\\PROGRAMMING\\\\Darnusphere\\\\darnazon\\\\functions\\\\node_modules\\\\firebase-functions\\\\lib\\\\index.js\"}"}}
[debug] [2020-10-12T16:45:32.065Z] [runtime-status] [1720] Resolved module firebase-admin {"declared":true,"installed":true,"version":"8.13.0","resolution":"C:\\Users\\chris\\OneDrive\\desktop\\PROGRAMMING\\Darnusphere\\darnazon\\functions\\node_modules\\firebase-admin\\lib\\index.js"} {"metadata":{"emulator":{"name":"functions"},"function":{"name":"api"},"message":"[runtime-status] [1720] Resolved module firebase-admin {\"declared\":true,\"installed\":true,\"version\":\"8.13.0\",\"resolution\":\"C:\\\\Users\\\\chris\\\\OneDrive\\\\desktop\\\\PROGRAMMING\\\\Darnusphere\\\\darnazon\\\\functions\\\\node_modules\\\\firebase-admin\\\\lib\\\\index.js\"}"}}
[debug] [2020-10-12T16:45:32.065Z] [runtime-status] [1720] Resolved module firebase-functions {"declared":true,"installed":true,"version":"3.11.0","resolution":"C:\\Users\\chris\\OneDrive\\desktop\\PROGRAMMING\\Darnusphere\\darnazon\\functions\\node_modules\\firebase-functions\\lib\\index.js"} {"metadata":{"emulator":{"name":"functions"},"function":{"name":"api"},"message":"[runtime-status] [1720] Resolved module firebase-functions {\"declared\":true,\"installed\":true,\"version\":\"3.11.0\",\"resolution\":\"C:\\\\Users\\\\chris\\\\OneDrive\\\\desktop\\\\PROGRAMMING\\\\Darnusphere\\\\darnazon\\\\functions\\\\node_modules\\\\firebase-functions\\\\lib\\\\index.js\"}"}}
[debug] [2020-10-12T16:45:32.065Z] [runtime-status] [1720] firebase-admin has been stubbed. {"adminResolution":{"declared":true,"installed":true,"version":"8.13.0","resolution":"C:\\Users\\chris\\OneDrive\\desktop\\PROGRAMMING\\Darnusphere\\darnazon\\functions\\node_modules\\firebase-admin\\lib\\index.js"}} {"metadata":{"emulator":{"name":"functions"},"function":{"name":"api"},"message":"[runtime-status] [1720] firebase-admin has been stubbed. {\"adminResolution\":{\"declared\":true,\"installed\":true,\"version\":\"8.13.0\",\"resolution\":\"C:\\\\Users\\\\chris\\\\OneDrive\\\\desktop\\\\PROGRAMMING\\\\Darnusphere\\\\darnazon\\\\functions\\\\node_modules\\\\firebase-admin\\\\lib\\\\index.js\"}}"}}
[debug] [2020-10-12T16:45:32.179Z] [runtime-status] [1720] Trigger "api" has been found, beginning invocation! {"metadata":{"emulator":{"name":"functions"},"function":{"name":"api"},"message":"[runtime-status] [1720] Trigger \"api\" has been found, beginning invocation!"}}
[info] i  functions: Beginning execution of "api" {"metadata":{"emulator":{"name":"functions"},"function":{"name":"api"},"message":"Beginning execution of \"api\""}}
[debug] [2020-10-12T16:45:32.181Z] [runtime-status] [1720] triggerDefinition {"httpsTrigger":{},"name":"api","entryPoint":"api"} {"metadata":{"emulator":{"name":"functions"},"function":{"name":"api"},"message":"[runtime-status] [1720] triggerDefinition {\"httpsTrigger\":{},\"name\":\"api\",\"entryPoint\":\"api\"}"}}
[debug] [2020-10-12T16:45:32.181Z] [runtime-status] [1720] Running api in mode HTTPS {"metadata":{"emulator":{"name":"functions"},"function":{"name":"api"},"message":"[runtime-status] [1720] Running api in mode HTTPS"}}
[debug] [2020-10-12T16:45:32.182Z] [runtime-status] [1720] Attempting to listen to socketPath: \\?\pipe\C:\Users\chris\OneDrive\desktop\PROGRAMMING\Darnusphere\darnazon\functions\1720 {"metadata":{"emulator":{"name":"functions"},"function":{"name":"api"},"message":"[runtime-status] [1720] Attempting to listen to socketPath: \\\\?\\pipe\\C:\\Users\\chris\\OneDrive\\desktop\\PROGRAMMING\\Darnusphere\\darnazon\\functions\\1720"}}
[debug] [2020-10-12T16:45:32.184Z] [functions] Runtime ready! Sending request! {"metadata":{"emulator":{"name":"functions"},"message":"[functions] Runtime ready! Sending request!"}}
[debug] [2020-10-12T16:45:32.189Z] [runtime-status] [1720] Ephemeral server handling POST request {"metadata":{"emulator":{"name":"functions"},"function":{"name":"api"},"message":"[runtime-status] [1720] Ephemeral server handling POST request"}}
[info] >  Payment Request Recieved BOOM!!! for this amount >>>  20998 {"user":"Payment Request Recieved BOOM!!! for this amount >>>  20998","metadata":{"emulator":{"name":"functions"},"function":{"name":"api"},"message":"\u001b[90m> \u001b[39m Payment Request Recieved BOOM!!! for this amount >>>  20998"}}
[debug] [2020-10-12T16:45:32.197Z] [runtime-status] [1720] Ephemeral server survived. {"metadata":{"emulator":{"name":"functions"},"function":{"name":"api"},"message":"[runtime-status] [1720] Ephemeral server survived."}}
[info] i  functions: Finished "api" in ~1s {"metadata":{"emulator":{"name":"functions"},"function":{"name":"api"},"message":"Finished \"api\" in ~1s"}}
[debug] [2020-10-12T16:45:32.697Z] [worker-api-8686fac9-45b2-4e50-bb9e-e5df4065175d]: IDLE {"metadata":{"emulator":{"name":"functions"},"message":"[worker-api-8686fac9-45b2-4e50-bb9e-e5df4065175d]: IDLE"}}
[debug] [2020-10-12T16:45:32.697Z] [work-queue] {"queueLength":0,"workRunningCount":1}
[warn] !  functions: Your function timed out after ~60s. To configure this timeout, see
      https://firebase.google.com/docs/functions/manage-functions#set_timeout_and_memory_allocation. {"metadata":{"emulator":{"name":"functions"},"function":{"name":"api"},"message":"Your function timed out after ~60s. To configure this timeout, see\n      https://firebase.google.com/docs/functions/manage-functions#set_timeout_and_memory_allocation."}}
[info] >  C:\Users\chris\AppData\Roaming\npm\node_modules\firebase-tools\lib\emulator\functionsEmulatorRuntime.js:642 {"user":"C:\\Users\\chris\\AppData\\Roaming\\npm\\node_modules\\firebase-tools\\lib\\emulator\\functionsEmulatorRuntime.js:642\r","metadata":{"emulator":{"name":"functions"},"function":{"name":"api"},"message":"\u001b[90m> \u001b[39m C:\\Users\\chris\\AppData\\Roaming\\npm\\node_modules\\firebase-tools\\lib\\emulator\\functionsEmulatorRuntime.js:642\r"}}
[info] >                  throw new Error("Function timed out."); {"user":"                throw new Error(\"Function timed out.\");\r","metadata":{"emulator":{"name":"functions"},"function":{"name":"api"},"message":"\u001b[90m> \u001b[39m                 throw new Error(\"Function timed out.\");\r"}}
[info] >                  ^ {"user":"                ^\r","metadata":{"emulator":{"name":"functions"},"function":{"name":"api"},"message":"\u001b[90m> \u001b[39m                 ^\r"}}
[info] >   {"user":"\r","metadata":{"emulator":{"name":"functions"},"function":{"name":"api"},"message":"\u001b[90m> \u001b[39m \r"}}
[info] >  Error: Function timed out. {"user":"Error: Function timed out.\r","metadata":{"emulator":{"name":"functions"},"function":{"name":"api"},"message":"\u001b[90m> \u001b[39m Error: Function timed out.\r"}}
[info] >      at Timeout._onTimeout (C:\Users\chris\AppData\Roaming\npm\node_modules\firebase-tools\lib\emulator\functionsEmulatorRuntime.js:642:23) {"user":"    at Timeout._onTimeout (C:\\Users\\chris\\AppData\\Roaming\\npm\\node_modules\\firebase-tools\\lib\\emulator\\functionsEmulatorRuntime.js:642:23)\r","metadata":{"emulator":{"name":"functions"},"function":{"name":"api"},"message":"\u001b[90m> \u001b[39m     at Timeout._onTimeout (C:\\Users\\chris\\AppData\\Roaming\\npm\\node_modules\\firebase-tools\\lib\\emulator\\functionsEmulatorRuntime.js:642:23)\r"}}
[info] >      at listOnTimeout (internal/timers.js:549:17) {"user":"    at listOnTimeout (internal/timers.js:549:17)\r","metadata":{"emulator":{"name":"functions"},"function":{"name":"api"},"message":"\u001b[90m> \u001b[39m     at listOnTimeout (internal/timers.js:549:17)\r"}}
[info] >      at processTimers (internal/timers.js:492:7) {"user":"    at processTimers (internal/timers.js:492:7)\r","metadata":{"emulator":{"name":"functions"},"function":{"name":"api"},"message":"\u001b[90m> \u001b[39m     at processTimers (internal/timers.js:492:7)\r"}}
[debug] [2020-10-12T16:46:26.382Z] [worker-api-56f9d6e5-e2b8-4012-be25-6a5fc975670a]: exited {"metadata":{"emulator":{"name":"functions"},"message":"[worker-api-56f9d6e5-e2b8-4012-be25-6a5fc975670a]: exited"}}
[debug] [2020-10-12T16:46:26.383Z] [worker-api-56f9d6e5-e2b8-4012-be25-6a5fc975670a]: FINISHED {"metadata":{"emulator":{"name":"functions"},"message":"[worker-api-56f9d6e5-e2b8-4012-be25-6a5fc975670a]: FINISHED"}}
[debug] [2020-10-12T16:46:26.383Z] [work-queue] {"queueLength":0,"workRunningCount":0}
[debug] [2020-10-12T17:32:24.665Z] [work-queue] {"queueLength":1,"workRunningCount":0}
[debug] [2020-10-12T17:32:24.665Z] [work-queue] {"queueLength":0,"workRunningCount":1}
[debug] [2020-10-12T17:32:24.665Z] Accepted request POST /darnazon/us-central1/api/payments/create?total=20998 --> api
[debug] [2020-10-12T17:32:24.665Z] [worker-pool] Cleaned up workers for api: 2 --> 1 {"metadata":{"emulator":{"name":"functions"},"message":"[worker-pool] Cleaned up workers for api: 2 --> 1"}}
[debug] [2020-10-12T17:32:24.665Z] [worker-pool] submitWork(triggerId=api) {"metadata":{"emulator":{"name":"functions"},"message":"[worker-pool] submitWork(triggerId=api)"}}
[debug] [2020-10-12T17:32:24.665Z] [worker-api-8686fac9-45b2-4e50-bb9e-e5df4065175d]: Assigning socketPath: \\?\pipe\C:\Users\chris\OneDrive\desktop\PROGRAMMING\Darnusphere\darnazon\functions\1720 {"metadata":{"emulator":{"name":"functions"},"message":"[worker-api-8686fac9-45b2-4e50-bb9e-e5df4065175d]: Assigning socketPath: \\\\?\\pipe\\C:\\Users\\chris\\OneDrive\\desktop\\PROGRAMMING\\Darnusphere\\darnazon\\functions\\1720"}}
[debug] [2020-10-12T17:32:24.665Z] [worker-api-8686fac9-45b2-4e50-bb9e-e5df4065175d]: BUSY {"metadata":{"emulator":{"name":"functions"},"message":"[worker-api-8686fac9-45b2-4e50-bb9e-e5df4065175d]: BUSY"}}
[debug] [2020-10-12T17:32:24.666Z] [runtime-status] [1720] Trigger "api" has been found, beginning invocation! {"metadata":{"emulator":{"name":"functions"},"function":{"name":"api"},"message":"[runtime-status] [1720] Trigger \"api\" has been found, beginning invocation!"}}
[info] i  functions: Beginning execution of "api" {"metadata":{"emulator":{"name":"functions"},"function":{"name":"api"},"message":"Beginning execution of \"api\""}}
[debug] [2020-10-12T17:32:24.666Z] [runtime-status] [1720] triggerDefinition {"httpsTrigger":{},"name":"api","entryPoint":"api"} {"metadata":{"emulator":{"name":"functions"},"function":{"name":"api"},"message":"[runtime-status] [1720] triggerDefinition {\"httpsTrigger\":{},\"name\":\"api\",\"entryPoint\":\"api\"}"}}
[debug] [2020-10-12T17:32:24.667Z] [runtime-status] [1720] Running api in mode HTTPS {"metadata":{"emulator":{"name":"functions"},"function":{"name":"api"},"message":"[runtime-status] [1720] Running api in mode HTTPS"}}
[debug] [2020-10-12T17:32:24.667Z] [runtime-status] [1720] Attempting to listen to socketPath: \\?\pipe\C:\Users\chris\OneDrive\desktop\PROGRAMMING\Darnusphere\darnazon\functions\1720 {"metadata":{"emulator":{"name":"functions"},"function":{"name":"api"},"message":"[runtime-status] [1720] Attempting to listen to socketPath: \\\\?\\pipe\\C:\\Users\\chris\\OneDrive\\desktop\\PROGRAMMING\\Darnusphere\\darnazon\\functions\\1720"}}
[debug] [2020-10-12T17:32:24.668Z] [functions] Runtime ready! Sending request! {"metadata":{"emulator":{"name":"functions"},"message":"[functions] Runtime ready! Sending request!"}}
[debug] [2020-10-12T17:32:24.669Z] [runtime-status] [1720] Ephemeral server handling POST request {"metadata":{"emulator":{"name":"functions"},"function":{"name":"api"},"message":"[runtime-status] [1720] Ephemeral server handling POST request"}}
[info] >  Payment Request Recieved BOOM!!! for this amount >>>  20998 {"user":"Payment Request Recieved BOOM!!! for this amount >>>  20998","metadata":{"emulator":{"name":"functions"},"function":{"name":"api"},"message":"\u001b[90m> \u001b[39m Payment Request Recieved BOOM!!! for this amount >>>  20998"}}
[debug] [2020-10-12T17:32:24.678Z] [runtime-status] [1720] Ephemeral server survived. {"metadata":{"emulator":{"name":"functions"},"function":{"name":"api"},"message":"[runtime-status] [1720] Ephemeral server survived."}}
[info] i  functions: Finished "api" in ~1s {"metadata":{"emulator":{"name":"functions"},"function":{"name":"api"},"message":"Finished \"api\" in ~1s"}}
[debug] [2020-10-12T17:32:24.999Z] [worker-api-8686fac9-45b2-4e50-bb9e-e5df4065175d]: IDLE {"metadata":{"emulator":{"name":"functions"},"message":"[worker-api-8686fac9-45b2-4e50-bb9e-e5df4065175d]: IDLE"}}
[debug] [2020-10-12T17:32:24.999Z] [work-queue] {"queueLength":0,"workRunningCount":0}
[debug] [2020-10-12T17:32:30.481Z] [work-queue] {"queueLength":1,"workRunningCount":0}
[debug] [2020-10-12T17:32:30.481Z] [work-queue] {"queueLength":0,"workRunningCount":1}
[debug] [2020-10-12T17:32:30.481Z] Accepted request POST /darnazon/us-central1/api/payments/create?total=16999 --> api
[debug] [2020-10-12T17:32:30.481Z] [worker-pool] submitWork(triggerId=api) {"metadata":{"emulator":{"name":"functions"},"message":"[worker-pool] submitWork(triggerId=api)"}}
[debug] [2020-10-12T17:32:30.481Z] [worker-api-8686fac9-45b2-4e50-bb9e-e5df4065175d]: Assigning socketPath: \\?\pipe\C:\Users\chris\OneDrive\desktop\PROGRAMMING\Darnusphere\darnazon\functions\1720 {"metadata":{"emulator":{"name":"functions"},"message":"[worker-api-8686fac9-45b2-4e50-bb9e-e5df4065175d]: Assigning socketPath: \\\\?\\pipe\\C:\\Users\\chris\\OneDrive\\desktop\\PROGRAMMING\\Darnusphere\\darnazon\\functions\\1720"}}
[debug] [2020-10-12T17:32:30.481Z] [worker-api-8686fac9-45b2-4e50-bb9e-e5df4065175d]: BUSY {"metadata":{"emulator":{"name":"functions"},"message":"[worker-api-8686fac9-45b2-4e50-bb9e-e5df4065175d]: BUSY"}}
[debug] [2020-10-12T17:32:30.482Z] [runtime-status] [1720] Trigger "api" has been found, beginning invocation! {"metadata":{"emulator":{"name":"functions"},"function":{"name":"api"},"message":"[runtime-status] [1720] Trigger \"api\" has been found, beginning invocation!"}}
[info] i  functions: Beginning execution of "api" {"metadata":{"emulator":{"name":"functions"},"function":{"name":"api"},"message":"Beginning execution of \"api\""}}
[debug] [2020-10-12T17:32:30.483Z] [runtime-status] [1720] triggerDefinition {"httpsTrigger":{},"name":"api","entryPoint":"api"} {"metadata":{"emulator":{"name":"functions"},"function":{"name":"api"},"message":"[runtime-status] [1720] triggerDefinition {\"httpsTrigger\":{},\"name\":\"api\",\"entryPoint\":\"api\"}"}}
[debug] [2020-10-12T17:32:30.483Z] [runtime-status] [1720] Running api in mode HTTPS {"metadata":{"emulator":{"name":"functions"},"function":{"name":"api"},"message":"[runtime-status] [1720] Running api in mode HTTPS"}}
[debug] [2020-10-12T17:32:30.483Z] [runtime-status] [1720] Attempting to listen to socketPath: \\?\pipe\C:\Users\chris\OneDrive\desktop\PROGRAMMING\Darnusphere\darnazon\functions\1720 {"metadata":{"emulator":{"name":"functions"},"function":{"name":"api"},"message":"[runtime-status] [1720] Attempting to listen to socketPath: \\\\?\\pipe\\C:\\Users\\chris\\OneDrive\\desktop\\PROGRAMMING\\Darnusphere\\darnazon\\functions\\1720"}}
[debug] [2020-10-12T17:32:30.483Z] [functions] Runtime ready! Sending request! {"metadata":{"emulator":{"name":"functions"},"message":"[functions] Runtime ready! Sending request!"}}
[debug] [2020-10-12T17:32:30.485Z] [runtime-status] [1720] Ephemeral server handling POST request {"metadata":{"emulator":{"name":"functions"},"function":{"name":"api"},"message":"[runtime-status] [1720] Ephemeral server handling POST request"}}
[info] >  Payment Request Recieved BOOM!!! for this amount >>>  16999 {"user":"Payment Request Recieved BOOM!!! for this amount >>>  16999","metadata":{"emulator":{"name":"functions"},"function":{"name":"api"},"message":"\u001b[90m> \u001b[39m Payment Request Recieved BOOM!!! for this amount >>>  16999"}}
[debug] [2020-10-12T17:32:30.493Z] [runtime-status] [1720] Ephemeral server survived. {"metadata":{"emulator":{"name":"functions"},"function":{"name":"api"},"message":"[runtime-status] [1720] Ephemeral server survived."}}
[info] i  functions: Finished "api" in ~1s {"metadata":{"emulator":{"name":"functions"},"function":{"name":"api"},"message":"Finished \"api\" in ~1s"}}
[debug] [2020-10-12T17:32:30.707Z] [worker-api-8686fac9-45b2-4e50-bb9e-e5df4065175d]: IDLE {"metadata":{"emulator":{"name":"functions"},"message":"[worker-api-8686fac9-45b2-4e50-bb9e-e5df4065175d]: IDLE"}}
[debug] [2020-10-12T17:32:30.707Z] [work-queue] {"queueLength":0,"workRunningCount":0}
[debug] [2020-10-12T17:32:55.944Z] [work-queue] {"queueLength":1,"workRunningCount":0}
[debug] [2020-10-12T17:32:55.945Z] [work-queue] {"queueLength":0,"workRunningCount":1}
[debug] [2020-10-12T17:32:55.945Z] Accepted request POST /darnazon/us-central1/api/payments/create?total=0 --> api
[debug] [2020-10-12T17:32:55.945Z] [worker-pool] submitWork(triggerId=api) {"metadata":{"emulator":{"name":"functions"},"message":"[worker-pool] submitWork(triggerId=api)"}}
[debug] [2020-10-12T17:32:55.945Z] [worker-api-8686fac9-45b2-4e50-bb9e-e5df4065175d]: Assigning socketPath: \\?\pipe\C:\Users\chris\OneDrive\desktop\PROGRAMMING\Darnusphere\darnazon\functions\1720 {"metadata":{"emulator":{"name":"functions"},"message":"[worker-api-8686fac9-45b2-4e50-bb9e-e5df4065175d]: Assigning socketPath: \\\\?\\pipe\\C:\\Users\\chris\\OneDrive\\desktop\\PROGRAMMING\\Darnusphere\\darnazon\\functions\\1720"}}
[debug] [2020-10-12T17:32:55.945Z] [worker-api-8686fac9-45b2-4e50-bb9e-e5df4065175d]: BUSY {"metadata":{"emulator":{"name":"functions"},"message":"[worker-api-8686fac9-45b2-4e50-bb9e-e5df4065175d]: BUSY"}}
[debug] [2020-10-12T17:32:55.945Z] [runtime-status] [1720] Trigger "api" has been found, beginning invocation! {"metadata":{"emulator":{"name":"functions"},"function":{"name":"api"},"message":"[runtime-status] [1720] Trigger \"api\" has been found, beginning invocation!"}}
[info] i  functions: Beginning execution of "api" {"metadata":{"emulator":{"name":"functions"},"function":{"name":"api"},"message":"Beginning execution of \"api\""}}
[debug] [2020-10-12T17:32:55.946Z] [runtime-status] [1720] triggerDefinition {"httpsTrigger":{},"name":"api","entryPoint":"api"} {"metadata":{"emulator":{"name":"functions"},"function":{"name":"api"},"message":"[runtime-status] [1720] triggerDefinition {\"httpsTrigger\":{},\"name\":\"api\",\"entryPoint\":\"api\"}"}}
[debug] [2020-10-12T17:32:55.946Z] [runtime-status] [1720] Running api in mode HTTPS {"metadata":{"emulator":{"name":"functions"},"function":{"name":"api"},"message":"[runtime-status] [1720] Running api in mode HTTPS"}}
[debug] [2020-10-12T17:32:55.946Z] [runtime-status] [1720] Attempting to listen to socketPath: \\?\pipe\C:\Users\chris\OneDrive\desktop\PROGRAMMING\Darnusphere\darnazon\functions\1720 {"metadata":{"emulator":{"name":"functions"},"function":{"name":"api"},"message":"[runtime-status] [1720] Attempting to listen to socketPath: \\\\?\\pipe\\C:\\Users\\chris\\OneDrive\\desktop\\PROGRAMMING\\Darnusphere\\darnazon\\functions\\1720"}}
[debug] [2020-10-12T17:32:55.947Z] [functions] Runtime ready! Sending request! {"metadata":{"emulator":{"name":"functions"},"message":"[functions] Runtime ready! Sending request!"}}
[debug] [2020-10-12T17:32:55.949Z] [runtime-status] [1720] Ephemeral server handling POST request {"metadata":{"emulator":{"name":"functions"},"function":{"name":"api"},"message":"[runtime-status] [1720] Ephemeral server handling POST request"}}
[info] >  Payment Request Recieved BOOM!!! for this amount >>>  0 {"user":"Payment Request Recieved BOOM!!! for this amount >>>  0","metadata":{"emulator":{"name":"functions"},"function":{"name":"api"},"message":"\u001b[90m> \u001b[39m Payment Request Recieved BOOM!!! for this amount >>>  0"}}
[debug] [2020-10-12T17:32:55.956Z] [runtime-status] [1720] Ephemeral server survived. {"metadata":{"emulator":{"name":"functions"},"function":{"name":"api"},"message":"[runtime-status] [1720] Ephemeral server survived."}}
[info] >  (node:1720) UnhandledPromiseRejectionWarning: Error: This value must be greater than or equal to 1. {"user":"(node:1720) UnhandledPromiseRejectionWarning: Error: This value must be greater than or equal to 1.","metadata":{"emulator":{"name":"functions"},"function":{"name":"api"},"message":"\u001b[90m> \u001b[39m (node:1720) UnhandledPromiseRejectionWarning: Error: This value must be greater than or equal to 1."}}
[info] >      at Function.generate (C:\Users\chris\OneDrive\desktop\PROGRAMMING\Darnusphere\darnazon\functions\node_modules\stripe\lib\Error.js:39:16) {"user":"    at Function.generate (C:\\Users\\chris\\OneDrive\\desktop\\PROGRAMMING\\Darnusphere\\darnazon\\functions\\node_modules\\stripe\\lib\\Error.js:39:16)","metadata":{"emulator":{"name":"functions"},"function":{"name":"api"},"message":"\u001b[90m> \u001b[39m     at Function.generate (C:\\Users\\chris\\OneDrive\\desktop\\PROGRAMMING\\Darnusphere\\darnazon\\functions\\node_modules\\stripe\\lib\\Error.js:39:16)"}}
[info] >      at IncomingMessage.<anonymous> (C:\Users\chris\OneDrive\desktop\PROGRAMMING\Darnusphere\darnazon\functions\node_modules\stripe\lib\StripeResource.js:190:33) {"user":"    at IncomingMessage.<anonymous> (C:\\Users\\chris\\OneDrive\\desktop\\PROGRAMMING\\Darnusphere\\darnazon\\functions\\node_modules\\stripe\\lib\\StripeResource.js:190:33)","metadata":{"emulator":{"name":"functions"},"function":{"name":"api"},"message":"\u001b[90m> \u001b[39m     at IncomingMessage.<anonymous> (C:\\Users\\chris\\OneDrive\\desktop\\PROGRAMMING\\Darnusphere\\darnazon\\functions\\node_modules\\stripe\\lib\\StripeResource.js:190:33)"}}
[info] >      at Object.onceWrapper (events.js:416:28) {"user":"    at Object.onceWrapper (events.js:416:28)","metadata":{"emulator":{"name":"functions"},"function":{"name":"api"},"message":"\u001b[90m> \u001b[39m     at Object.onceWrapper (events.js:416:28)"}}
[info] >      at IncomingMessage.emit (events.js:322:22) {"user":"    at IncomingMessage.emit (events.js:322:22)","metadata":{"emulator":{"name":"functions"},"function":{"name":"api"},"message":"\u001b[90m> \u001b[39m     at IncomingMessage.emit (events.js:322:22)"}}
[info] >      at endReadableNT (_stream_readable.js:1187:12) {"user":"    at endReadableNT (_stream_readable.js:1187:12)","metadata":{"emulator":{"name":"functions"},"function":{"name":"api"},"message":"\u001b[90m> \u001b[39m     at endReadableNT (_stream_readable.js:1187:12)"}}
[info] >      at processTicksAndRejections (internal/process/task_queues.js:84:21) {"user":"    at processTicksAndRejections (internal/process/task_queues.js:84:21)","metadata":{"emulator":{"name":"functions"},"function":{"name":"api"},"message":"\u001b[90m> \u001b[39m     at processTicksAndRejections (internal/process/task_queues.js:84:21)"}}
[info] >  (node:1720) UnhandledPromiseRejectionWarning: Unhandled promise rejection. This error originated either by throwing inside of an async function without a catch block, or by rejecting a promise which was not handled with .catch(). To terminate the node process on unhandled promise rejection, use the CLI flag `--unhandled-rejections=strict` (see https://nodejs.org/api/cli.html#cli_unhandled_rejections_mode). (rejection id: 1) {"user":"(node:1720) UnhandledPromiseRejectionWarning: Unhandled promise rejection. This error originated either by throwing inside of an async function without a catch block, or by rejecting a promise which was not handled with .catch(). To terminate the node process on unhandled promise rejection, use the CLI flag `--unhandled-rejections=strict` (see https://nodejs.org/api/cli.html#cli_unhandled_rejections_mode). (rejection id: 1)","metadata":{"emulator":{"name":"functions"},"function":{"name":"api"},"message":"\u001b[90m> \u001b[39m (node:1720) UnhandledPromiseRejectionWarning: Unhandled promise rejection. This error originated either by throwing inside of an async function without a catch block, or by rejecting a promise which was not handled with .catch(). To terminate the node process on unhandled promise rejection, use the CLI flag `--unhandled-rejections=strict` (see https://nodejs.org/api/cli.html#cli_unhandled_rejections_mode). (rejection id: 1)"}}
[info] >  (node:1720) [DEP0018] DeprecationWarning: Unhandled promise rejections are deprecated. In the future, promise rejections that are not handled will terminate the Node.js process with a non-zero exit code. {"user":"(node:1720) [DEP0018] DeprecationWarning: Unhandled promise rejections are deprecated. In the future, promise rejections that are not handled will terminate the Node.js process with a non-zero exit code.","metadata":{"emulator":{"name":"functions"},"function":{"name":"api"},"message":"\u001b[90m> \u001b[39m (node:1720) [DEP0018] DeprecationWarning: Unhandled promise rejections are deprecated. In the future, promise rejections that are not handled will terminate the Node.js process with a non-zero exit code."}}
[debug] [2020-10-12T17:33:40.496Z] [work-queue] {"queueLength":1,"workRunningCount":1}
[debug] [2020-10-12T17:33:40.496Z] [work-queue] {"queueLength":0,"workRunningCount":2}
[debug] [2020-10-12T17:33:40.496Z] Accepted request POST /darnazon/us-central1/api/payments/create?total=51995.00000000001 --> api
[debug] [2020-10-12T17:33:40.500Z] [worker-pool] addWorker(api) {"metadata":{"emulator":{"name":"functions"},"message":"[worker-pool] addWorker(api)"}}
[debug] [2020-10-12T17:33:40.500Z] [worker-pool] Adding worker with key api, total=2 {"metadata":{"emulator":{"name":"functions"},"message":"[worker-pool] Adding worker with key api, total=2"}}
[debug] [2020-10-12T17:33:40.500Z] [worker-pool] submitWork(triggerId=api) {"metadata":{"emulator":{"name":"functions"},"message":"[worker-pool] submitWork(triggerId=api)"}}
[debug] [2020-10-12T17:33:40.500Z] [worker-api-cece18b5-fa12-4b69-9217-8c5e5df08a74]: Assigning socketPath: \\?\pipe\C:\Users\chris\OneDrive\desktop\PROGRAMMING\Darnusphere\darnazon\functions\14956 {"metadata":{"emulator":{"name":"functions"},"message":"[worker-api-cece18b5-fa12-4b69-9217-8c5e5df08a74]: Assigning socketPath: \\\\?\\pipe\\C:\\Users\\chris\\OneDrive\\desktop\\PROGRAMMING\\Darnusphere\\darnazon\\functions\\14956"}}
[debug] [2020-10-12T17:33:40.500Z] [worker-api-cece18b5-fa12-4b69-9217-8c5e5df08a74]: BUSY {"metadata":{"emulator":{"name":"functions"},"message":"[worker-api-cece18b5-fa12-4b69-9217-8c5e5df08a74]: BUSY"}}
[debug] [2020-10-12T17:33:40.797Z] [runtime-status] [14956] Functions runtime initialized. {"cwd":"C:\\Users\\chris\\OneDrive\\desktop\\PROGRAMMING\\Darnusphere\\darnazon\\functions","node_version":"12.16.2"} {"metadata":{"emulator":{"name":"functions"},"function":{"name":"api"},"message":"[runtime-status] [14956] Functions runtime initialized. {\"cwd\":\"C:\\\\Users\\\\chris\\\\OneDrive\\\\desktop\\\\PROGRAMMING\\\\Darnusphere\\\\darnazon\\\\functions\",\"node_version\":\"12.16.2\"}"}}
[debug] [2020-10-12T17:33:40.798Z] [runtime-status] [14956] Disabled runtime features: undefined {"metadata":{"emulator":{"name":"functions"},"function":{"name":"api"},"message":"[runtime-status] [14956] Disabled runtime features: undefined"}}
[debug] [2020-10-12T17:33:40.802Z] [runtime-status] [14956] Resolved module firebase-admin {"declared":true,"installed":true,"version":"8.13.0","resolution":"C:\\Users\\chris\\OneDrive\\desktop\\PROGRAMMING\\Darnusphere\\darnazon\\functions\\node_modules\\firebase-admin\\lib\\index.js"} {"metadata":{"emulator":{"name":"functions"},"function":{"name":"api"},"message":"[runtime-status] [14956] Resolved module firebase-admin {\"declared\":true,\"installed\":true,\"version\":\"8.13.0\",\"resolution\":\"C:\\\\Users\\\\chris\\\\OneDrive\\\\desktop\\\\PROGRAMMING\\\\Darnusphere\\\\darnazon\\\\functions\\\\node_modules\\\\firebase-admin\\\\lib\\\\index.js\"}"}}
[debug] [2020-10-12T17:33:40.804Z] [runtime-status] [14956] Resolved module firebase-functions {"declared":true,"installed":true,"version":"3.11.0","resolution":"C:\\Users\\chris\\OneDrive\\desktop\\PROGRAMMING\\Darnusphere\\darnazon\\functions\\node_modules\\firebase-functions\\lib\\index.js"} {"metadata":{"emulator":{"name":"functions"},"function":{"name":"api"},"message":"[runtime-status] [14956] Resolved module firebase-functions {\"declared\":true,\"installed\":true,\"version\":\"3.11.0\",\"resolution\":\"C:\\\\Users\\\\chris\\\\OneDrive\\\\desktop\\\\PROGRAMMING\\\\Darnusphere\\\\darnazon\\\\functions\\\\node_modules\\\\firebase-functions\\\\lib\\\\index.js\"}"}}
[debug] [2020-10-12T17:33:40.804Z] [runtime-status] [14956] Resolved module firebase-functions {"declared":true,"installed":true,"version":"3.11.0","resolution":"C:\\Users\\chris\\OneDrive\\desktop\\PROGRAMMING\\Darnusphere\\darnazon\\functions\\node_modules\\firebase-functions\\lib\\index.js"} {"metadata":{"emulator":{"name":"functions"},"function":{"name":"api"},"message":"[runtime-status] [14956] Resolved module firebase-functions {\"declared\":true,\"installed\":true,\"version\":\"3.11.0\",\"resolution\":\"C:\\\\Users\\\\chris\\\\OneDrive\\\\desktop\\\\PROGRAMMING\\\\Darnusphere\\\\darnazon\\\\functions\\\\node_modules\\\\firebase-functions\\\\lib\\\\index.js\"}"}}
[debug] [2020-10-12T17:33:40.806Z] [runtime-status] [14956] Outgoing network have been stubbed. [{"name":"http","status":"mocked"},{"name":"http","status":"mocked"},{"name":"https","status":"mocked"},{"name":"https","status":"mocked"},{"name":"net","status":"mocked"}] {"metadata":{"emulator":{"name":"functions"},"function":{"name":"api"},"message":"[runtime-status] [14956] Outgoing network have been stubbed. [{\"name\":\"http\",\"status\":\"mocked\"},{\"name\":\"http\",\"status\":\"mocked\"},{\"name\":\"https\",\"status\":\"mocked\"},{\"name\":\"https\",\"status\":\"mocked\"},{\"name\":\"net\",\"status\":\"mocked\"}]"}}
[debug] [2020-10-12T17:33:40.806Z] [runtime-status] [14956] Resolved module firebase-functions {"declared":true,"installed":true,"version":"3.11.0","resolution":"C:\\Users\\chris\\OneDrive\\desktop\\PROGRAMMING\\Darnusphere\\darnazon\\functions\\node_modules\\firebase-functions\\lib\\index.js"} {"metadata":{"emulator":{"name":"functions"},"function":{"name":"api"},"message":"[runtime-status] [14956] Resolved module firebase-functions {\"declared\":true,\"installed\":true,\"version\":\"3.11.0\",\"resolution\":\"C:\\\\Users\\\\chris\\\\OneDrive\\\\desktop\\\\PROGRAMMING\\\\Darnusphere\\\\darnazon\\\\functions\\\\node_modules\\\\firebase-functions\\\\lib\\\\index.js\"}"}}
[debug] [2020-10-12T17:33:40.838Z] [runtime-status] [14956] Checked functions.config() {"config":{}} {"metadata":{"emulator":{"name":"functions"},"function":{"name":"api"},"message":"[runtime-status] [14956] Checked functions.config() {\"config\":{}}"}}
[debug] [2020-10-12T17:33:40.838Z] [runtime-status] [14956] firebase-functions has been stubbed. {"functionsResolution":{"declared":true,"installed":true,"version":"3.11.0","resolution":"C:\\Users\\chris\\OneDrive\\desktop\\PROGRAMMING\\Darnusphere\\darnazon\\functions\\node_modules\\firebase-functions\\lib\\index.js"}} {"metadata":{"emulator":{"name":"functions"},"function":{"name":"api"},"message":"[runtime-status] [14956] firebase-functions has been stubbed. {\"functionsResolution\":{\"declared\":true,\"installed\":true,\"version\":\"3.11.0\",\"resolution\":\"C:\\\\Users\\\\chris\\\\OneDrive\\\\desktop\\\\PROGRAMMING\\\\Darnusphere\\\\darnazon\\\\functions\\\\node_modules\\\\firebase-functions\\\\lib\\\\index.js\"}}"}}
[debug] [2020-10-12T17:33:40.838Z] [runtime-status] [14956] Resolved module firebase-functions {"declared":true,"installed":true,"version":"3.11.0","resolution":"C:\\Users\\chris\\OneDrive\\desktop\\PROGRAMMING\\Darnusphere\\darnazon\\functions\\node_modules\\firebase-functions\\lib\\index.js"} {"metadata":{"emulator":{"name":"functions"},"function":{"name":"api"},"message":"[runtime-status] [14956] Resolved module firebase-functions {\"declared\":true,\"installed\":true,\"version\":\"3.11.0\",\"resolution\":\"C:\\\\Users\\\\chris\\\\OneDrive\\\\desktop\\\\PROGRAMMING\\\\Darnusphere\\\\darnazon\\\\functions\\\\node_modules\\\\firebase-functions\\\\lib\\\\index.js\"}"}}
[debug] [2020-10-12T17:33:40.839Z] [runtime-status] [14956] Resolved module firebase-admin {"declared":true,"installed":true,"version":"8.13.0","resolution":"C:\\Users\\chris\\OneDrive\\desktop\\PROGRAMMING\\Darnusphere\\darnazon\\functions\\node_modules\\firebase-admin\\lib\\index.js"} {"metadata":{"emulator":{"name":"functions"},"function":{"name":"api"},"message":"[runtime-status] [14956] Resolved module firebase-admin {\"declared\":true,\"installed\":true,\"version\":\"8.13.0\",\"resolution\":\"C:\\\\Users\\\\chris\\\\OneDrive\\\\desktop\\\\PROGRAMMING\\\\Darnusphere\\\\darnazon\\\\functions\\\\node_modules\\\\firebase-admin\\\\lib\\\\index.js\"}"}}
[debug] [2020-10-12T17:33:40.839Z] [runtime-status] [14956] Resolved module firebase-functions {"declared":true,"installed":true,"version":"3.11.0","resolution":"C:\\Users\\chris\\OneDrive\\desktop\\PROGRAMMING\\Darnusphere\\darnazon\\functions\\node_modules\\firebase-functions\\lib\\index.js"} {"metadata":{"emulator":{"name":"functions"},"function":{"name":"api"},"message":"[runtime-status] [14956] Resolved module firebase-functions {\"declared\":true,\"installed\":true,\"version\":\"3.11.0\",\"resolution\":\"C:\\\\Users\\\\chris\\\\OneDrive\\\\desktop\\\\PROGRAMMING\\\\Darnusphere\\\\darnazon\\\\functions\\\\node_modules\\\\firebase-functions\\\\lib\\\\index.js\"}"}}
[debug] [2020-10-12T17:33:40.839Z] [runtime-status] [14956] firebase-admin has been stubbed. {"adminResolution":{"declared":true,"installed":true,"version":"8.13.0","resolution":"C:\\Users\\chris\\OneDrive\\desktop\\PROGRAMMING\\Darnusphere\\darnazon\\functions\\node_modules\\firebase-admin\\lib\\index.js"}} {"metadata":{"emulator":{"name":"functions"},"function":{"name":"api"},"message":"[runtime-status] [14956] firebase-admin has been stubbed. {\"adminResolution\":{\"declared\":true,\"installed\":true,\"version\":\"8.13.0\",\"resolution\":\"C:\\\\Users\\\\chris\\\\OneDrive\\\\desktop\\\\PROGRAMMING\\\\Darnusphere\\\\darnazon\\\\functions\\\\node_modules\\\\firebase-admin\\\\lib\\\\index.js\"}}"}}
